TN:
SF:src/common/api-key.strategy.ts
FN:11,parseApiKey
FN:16,(anonymous_9)
FN:29,(anonymous_10)
FN:31,(anonymous_11)
FNF:4
FNH:4
FNDA:11,parseApiKey
FNDA:13,(anonymous_9)
FNDA:10,(anonymous_10)
FNDA:11,(anonymous_11)
DA:1,1
DA:2,1
DA:3,1
DA:13,11
DA:14,11
DA:15,11
DA:16,13
DA:17,11
DA:18,10
DA:19,10
DA:20,10
DA:21,8
DA:22,8
DA:23,8
DA:24,7
DA:28,1
DA:29,10
DA:32,11
DA:33,11
DA:35,7
DA:40,7
DA:41,5
DA:43,4
DA:44,4
DA:46,3
DA:56,1
LF:26
LH:26
BRDA:13,0,0,0
BRDA:17,1,0,1
BRDA:20,2,0,2
BRDA:23,3,0,1
BRDA:23,4,0,8
BRDA:23,4,1,8
BRDA:33,5,0,4
BRDA:40,6,0,2
BRDA:40,7,0,7
BRDA:40,7,1,6
BRDA:41,8,0,1
BRDA:44,9,0,1
BRF:12
BRH:11
end_of_record
TN:
SF:src/modules/apps/apps.service.ts
FN:6,toBase62
FN:19,generatePublicId
FN:24,generateSecret
FN:31,(anonymous_11)
FN:33,(anonymous_12)
FN:44,(anonymous_13)
FNF:6
FNH:6
FNDA:6,toBase62
FNDA:3,generatePublicId
FNDA:3,generateSecret
FNDA:3,(anonymous_11)
FNDA:3,(anonymous_12)
FNDA:3,(anonymous_13)
DA:1,1
DA:2,1
DA:3,1
DA:4,1
DA:7,6
DA:8,6
DA:9,6
DA:10,6
DA:11,6
DA:12,165
DA:13,165
DA:14,165
DA:16,6
DA:20,3
DA:21,3
DA:25,3
DA:26,3
DA:30,1
DA:31,3
DA:37,3
DA:38,3
DA:39,3
DA:40,3
DA:41,3
DA:42,3
DA:44,3
DA:45,3
DA:46,1
DA:52,3
DA:63,3
DA:71,3
DA:74,3
LF:32
LH:32
BRDA:9,0,0,0
BRDA:45,1,0,1
BRDA:45,2,0,3
BRDA:45,2,1,2
BRF:4
BRH:3
end_of_record
TN:
SF:src/modules/usage/usage.service.ts
FN:6,(anonymous_2)
FN:8,(anonymous_3)
FN:20,(anonymous_4)
FNF:3
FNH:3
FNDA:2,(anonymous_2)
FNDA:1,(anonymous_3)
FNDA:1,(anonymous_4)
DA:1,1
DA:2,1
DA:5,1
DA:6,2
DA:9,1
DA:12,1
DA:25,1
DA:33,1
DA:34,1
DA:35,1
DA:36,1
DA:39,1
LF:12
LH:12
BRDA:14,0,0,1
BRDA:14,0,1,1
BRDA:15,1,0,1
BRDA:15,1,1,1
BRDA:16,2,0,1
BRDA:16,2,1,1
BRDA:29,3,0,0
BRDA:29,3,1,1
BRDA:30,4,0,0
BRDA:30,4,1,1
BRDA:34,5,0,1
BRF:11
BRH:9
end_of_record
